<?xml version="1.0" encoding="UTF-8"?>
<robot generator="Robot 5.0 (Python 3.10.2 on win32)" generated="20220408 12:37:38.062" rpa="false" schemaversion="3">
<suite id="s1" name="Shopping" source="C:\Users\hp\PycharmProjects\RoboticFramework\Tests\Flipkart\FunctionalTestSuite\Shopping.robot">
<test id="s1-t1" name="Google search" line="5">
<kw name="start test case" library="mykeywords">
<kw name="Open Browser" library="SeleniumLibrary">
<arg>${url}</arg>
<arg>chrome</arg>
<doc>Opens a new browser instance to the optional ``url``.</doc>
<msg timestamp="20220408 12:37:38.766" level="INFO">Opening browser 'chrome' to base url 'https://www.google.com/'.</msg>
<status status="PASS" starttime="20220408 12:37:38.766" endtime="20220408 12:37:46.564"/>
</kw>
<kw name="Maximize Browser Window" library="SeleniumLibrary">
<doc>Maximizes current browser window.</doc>
<status status="PASS" starttime="20220408 12:37:46.564" endtime="20220408 12:37:46.716"/>
</kw>
<status status="PASS" starttime="20220408 12:37:38.766" endtime="20220408 12:37:46.716"/>
</kw>
<kw name="Input Text" library="SeleniumLibrary">
<arg>name:q</arg>
<arg>${search_flipkart}</arg>
<doc>Types the given ``text`` into the text field identified by ``locator``.</doc>
<msg timestamp="20220408 12:37:46.716" level="INFO">Typing text 'Flipkart' into text field 'name:q'.</msg>
<status status="PASS" starttime="20220408 12:37:46.716" endtime="20220408 12:37:46.873"/>
</kw>
<kw name="Submit Form" library="SeleniumLibrary">
<doc>Submits a form identified by ``locator``.</doc>
<msg timestamp="20220408 12:37:46.873" level="INFO">Submitting form 'None'.</msg>
<status status="PASS" starttime="20220408 12:37:46.873" endtime="20220408 12:37:52.594"/>
</kw>
<kw name="Click Element" library="SeleniumLibrary">
<arg>class:LC20lb</arg>
<doc>Click the element identified by ``locator``.</doc>
<msg timestamp="20220408 12:37:52.594" level="INFO">Clicking element 'class:LC20lb'.</msg>
<status status="PASS" starttime="20220408 12:37:52.594" endtime="20220408 12:37:58.603"/>
</kw>
<doc>google search test</doc>
<tag>google</tag>
<status status="PASS" starttime="20220408 12:37:38.766" endtime="20220408 12:37:58.603"/>
</test>
<test id="s1-t2" name="Flipkart product search" line="13">
<kw name="Sleep" library="BuiltIn">
<arg>2s</arg>
<doc>Pauses the test executed for the given time.</doc>
<msg timestamp="20220408 12:38:00.620" level="INFO">Slept 2 seconds</msg>
<status status="PASS" starttime="20220408 12:37:58.606" endtime="20220408 12:38:00.620"/>
</kw>
<kw name="Click Button" library="SeleniumLibrary">
<arg>class:_2KpZ6l</arg>
<doc>Clicks the button identified by ``locator``.</doc>
<msg timestamp="20220408 12:38:00.620" level="INFO">Clicking button 'class:_2KpZ6l'.</msg>
<status status="PASS" starttime="20220408 12:38:00.620" endtime="20220408 12:38:00.814"/>
</kw>
<kw name="flipkart search" library="mykeywords">
<kw name="Input Text" library="SeleniumLibrary">
<arg>name:q</arg>
<arg>${search_product}</arg>
<doc>Types the given ``text`` into the text field identified by ``locator``.</doc>
<msg timestamp="20220408 12:38:00.819" level="INFO">Typing text 'iphone13' into text field 'name:q'.</msg>
<status status="PASS" starttime="20220408 12:38:00.814" endtime="20220408 12:38:01.018"/>
</kw>
<kw name="Click Button" library="SeleniumLibrary">
<arg>class:L0Z3Pu</arg>
<doc>Clicks the button identified by ``locator``.</doc>
<msg timestamp="20220408 12:38:01.018" level="INFO">Clicking button 'class:L0Z3Pu'.</msg>
<status status="PASS" starttime="20220408 12:38:01.018" endtime="20220408 12:38:01.122"/>
</kw>
<status status="PASS" starttime="20220408 12:38:00.814" endtime="20220408 12:38:01.122"/>
</kw>
<kw name="Sleep" library="BuiltIn">
<arg>2s</arg>
<doc>Pauses the test executed for the given time.</doc>
<msg timestamp="20220408 12:38:03.127" level="INFO">Slept 2 seconds</msg>
<status status="PASS" starttime="20220408 12:38:01.122" endtime="20220408 12:38:03.127"/>
</kw>
<doc>searching products on flipkart</doc>
<tag>flipkart</tag>
<status status="PASS" starttime="20220408 12:37:58.603" endtime="20220408 12:38:03.127"/>
</test>
<test id="s1-t3" name="Flipkart product selection" line="20">
<kw name="Execute script">
<arg>window.scroll(0,2200)</arg>
<msg timestamp="20220408 12:38:03.127" level="FAIL">No keyword with name 'Execute script' found. Did you mean:
    SeleniumLibrary.Execute Javascript</msg>
<status status="FAIL" starttime="20220408 12:38:03.127" endtime="20220408 12:38:03.139"/>
</kw>
<kw name="Click Element" library="SeleniumLibrary">
<arg>xpath=//html/body/div[1]/div/div[3]/div[1]/div[2]/div[4]/div/div/div/a/div[2]/div[1]/div[1]</arg>
<doc>Click the element identified by ``locator``.</doc>
<status status="NOT RUN" starttime="20220408 12:38:03.140" endtime="20220408 12:38:03.140"/>
</kw>
<kw name="Sleep" library="BuiltIn">
<arg>2s</arg>
<doc>Pauses the test executed for the given time.</doc>
<status status="NOT RUN" starttime="20220408 12:38:03.140" endtime="20220408 12:38:03.140"/>
</kw>
<doc>selecting product</doc>
<tag>flipkart</tag>
<status status="FAIL" starttime="20220408 12:38:03.127" endtime="20220408 12:38:03.140">No keyword with name 'Execute script' found. Did you mean:
    SeleniumLibrary.Execute Javascript</status>
</test>
<test id="s1-t4" name="Flipkart product buy" line="26">
<kw name="Switch Window" library="SeleniumLibrary">
<arg>title:APPLE iPhone 13 ( 128 GB GB Storage, 0 GB RAM ) Online at Best Price On Flipkart.com</arg>
<doc>Switches to browser window matching ``locator``.</doc>
<msg timestamp="20220408 12:38:03.416" level="INFO" html="true">&lt;/td&gt;&lt;/tr&gt;&lt;tr&gt;&lt;td colspan="3"&gt;&lt;a href="selenium-screenshot-4.png"&gt;&lt;img src="selenium-screenshot-4.png" width="800px"&gt;&lt;/a&gt;</msg>
<msg timestamp="20220408 12:38:03.419" level="FAIL">Unable to locate window with title 'APPLE iPhone 13 ( 128 GB GB Storage, 0 GB RAM ) Online at Best Price On Flipkart.com'.</msg>
<status status="FAIL" starttime="20220408 12:38:03.145" endtime="20220408 12:38:03.460"/>
</kw>
<kw name="Click Button" library="SeleniumLibrary">
<arg>xpath=//html/body/div[1]/div/div[3]/div[1]/div[1]/div[2]/div/ul/li[2]/form/button</arg>
<doc>Clicks the button identified by ``locator``.</doc>
<status status="NOT RUN" starttime="20220408 12:38:03.468" endtime="20220408 12:38:03.468"/>
</kw>
<kw name="Sleep" library="BuiltIn">
<arg>5s</arg>
<doc>Pauses the test executed for the given time.</doc>
<status status="NOT RUN" starttime="20220408 12:38:03.468" endtime="20220408 12:38:03.468"/>
</kw>
<doc>product purchase</doc>
<tag>flipkart</tag>
<status status="FAIL" starttime="20220408 12:38:03.145" endtime="20220408 12:38:03.468">Unable to locate window with title 'APPLE iPhone 13 ( 128 GB GB Storage, 0 GB RAM ) Online at Best Price On Flipkart.com'.</status>
</test>
<test id="s1-t5" name="Flipkart user login" line="33">
<kw name="Input Text" library="SeleniumLibrary">
<arg>class:_2IX_2-</arg>
<arg>test@gmail.com</arg>
<doc>Types the given ``text`` into the text field identified by ``locator``.</doc>
<msg timestamp="20220408 12:38:03.468" level="INFO">Typing text 'test@gmail.com' into text field 'class:_2IX_2-'.</msg>
<msg timestamp="20220408 12:38:03.726" level="INFO" html="true">&lt;/td&gt;&lt;/tr&gt;&lt;tr&gt;&lt;td colspan="3"&gt;&lt;a href="selenium-screenshot-5.png"&gt;&lt;img src="selenium-screenshot-5.png" width="800px"&gt;&lt;/a&gt;</msg>
<msg timestamp="20220408 12:38:03.726" level="FAIL">Element with locator 'class:_2IX_2-' not found.</msg>
<status status="FAIL" starttime="20220408 12:38:03.468" endtime="20220408 12:38:03.747"/>
</kw>
<kw name="Click Button" library="SeleniumLibrary">
<arg>xpath=//html/body/div[1]/div/div[2]/div/div[1]/div[1]/div/div/div/div/div[1]/div/form/div[3]/button</arg>
<doc>Clicks the button identified by ``locator``.</doc>
<status status="NOT RUN" starttime="20220408 12:38:03.747" endtime="20220408 12:38:03.747"/>
</kw>
<kw name="Sleep" library="BuiltIn">
<arg>5s</arg>
<doc>Pauses the test executed for the given time.</doc>
<status status="NOT RUN" starttime="20220408 12:38:03.747" endtime="20220408 12:38:03.747"/>
</kw>
<kw name="stop test case" library="mykeywords">
<status status="NOT RUN" starttime="20220408 12:38:03.758" endtime="20220408 12:38:03.758"/>
</kw>
<doc>login</doc>
<tag>flipkart</tag>
<status status="FAIL" starttime="20220408 12:38:03.468" endtime="20220408 12:38:03.758">Element with locator 'class:_2IX_2-' not found.</status>
</test>
<status status="FAIL" starttime="20220408 12:37:38.062" endtime="20220408 12:38:03.758"/>
</suite>
<statistics>
<total>
<stat pass="2" fail="3" skip="0">All Tests</stat>
</total>
<tag>
<stat pass="1" fail="3" skip="0">flipkart</stat>
<stat pass="1" fail="0" skip="0">google</stat>
</tag>
<suite>
<stat pass="2" fail="3" skip="0" id="s1" name="Shopping">Shopping</stat>
</suite>
</statistics>
<errors>
</errors>
</robot>
