<?xml version="1.0" encoding="UTF-8"?>
<robot generator="Robot 5.0 (Python 3.10.2 on win32)" generated="20220407 17:29:08.598" rpa="false" schemaversion="3">
<suite id="s1" name="Shopping" source="C:\Users\hp\PycharmProjects\RoboticFramework\Tests\Flipkart\FunctionalTestSuite\Shopping.robot">
<test id="s1-t1" name="Google search" line="10">
<kw name="start test case">
<kw name="Open Browser" library="SeleniumLibrary">
<arg>${url}</arg>
<arg>chrome</arg>
<doc>Opens a new browser instance to the optional ``url``.</doc>
<msg timestamp="20220407 17:29:08.808" level="INFO">Opening browser 'chrome' to base url 'https://www.google.com/'.</msg>
<status status="PASS" starttime="20220407 17:29:08.808" endtime="20220407 17:29:11.928"/>
</kw>
<kw name="Maximize Browser Window" library="SeleniumLibrary">
<doc>Maximizes current browser window.</doc>
<status status="PASS" starttime="20220407 17:29:11.928" endtime="20220407 17:29:12.044"/>
</kw>
<status status="PASS" starttime="20220407 17:29:08.807" endtime="20220407 17:29:12.044"/>
</kw>
<kw name="Input Text" library="SeleniumLibrary">
<arg>name:q</arg>
<arg>${search_flipkart}</arg>
<doc>Types the given ``text`` into the text field identified by ``locator``.</doc>
<msg timestamp="20220407 17:29:12.046" level="INFO">Typing text 'Flipkart' into text field 'name:q'.</msg>
<status status="PASS" starttime="20220407 17:29:12.045" endtime="20220407 17:29:12.124"/>
</kw>
<kw name="Submit Form" library="SeleniumLibrary">
<doc>Submits a form identified by ``locator``.</doc>
<msg timestamp="20220407 17:29:12.125" level="INFO">Submitting form 'None'.</msg>
<status status="PASS" starttime="20220407 17:29:12.125" endtime="20220407 17:29:15.051"/>
</kw>
<kw name="Click Element" library="SeleniumLibrary">
<arg>class:LC20lb</arg>
<doc>Click the element identified by ``locator``.</doc>
<msg timestamp="20220407 17:29:15.052" level="INFO">Clicking element 'class:LC20lb'.</msg>
<status status="PASS" starttime="20220407 17:29:15.052" endtime="20220407 17:29:16.814"/>
</kw>
<doc>google search test</doc>
<tag>google</tag>
<status status="PASS" starttime="20220407 17:29:08.807" endtime="20220407 17:29:16.815"/>
</test>
<test id="s1-t2" name="Flipkart product search" line="18">
<kw name="Sleep" library="BuiltIn">
<arg>2s</arg>
<doc>Pauses the test executed for the given time.</doc>
<msg timestamp="20220407 17:29:18.830" level="INFO">Slept 2 seconds</msg>
<status status="PASS" starttime="20220407 17:29:16.816" endtime="20220407 17:29:18.830"/>
</kw>
<kw name="Click Button" library="SeleniumLibrary">
<arg>class:_2KpZ6l</arg>
<doc>Clicks the button identified by ``locator``.</doc>
<msg timestamp="20220407 17:29:18.831" level="INFO">Clicking button 'class:_2KpZ6l'.</msg>
<status status="PASS" starttime="20220407 17:29:18.830" endtime="20220407 17:29:18.944"/>
</kw>
<kw name="flipkart search">
<kw name="Input Text" library="SeleniumLibrary">
<arg>name:q</arg>
<arg>${search_product}</arg>
<doc>Types the given ``text`` into the text field identified by ``locator``.</doc>
<msg timestamp="20220407 17:29:18.947" level="INFO">Typing text 'iphone13' into text field 'name:q'.</msg>
<status status="PASS" starttime="20220407 17:29:18.946" endtime="20220407 17:29:19.063"/>
</kw>
<kw name="Click Button" library="SeleniumLibrary">
<arg>class:L0Z3Pu</arg>
<doc>Clicks the button identified by ``locator``.</doc>
<msg timestamp="20220407 17:29:19.063" level="INFO">Clicking button 'class:L0Z3Pu'.</msg>
<status status="PASS" starttime="20220407 17:29:19.063" endtime="20220407 17:29:19.128"/>
</kw>
<status status="PASS" starttime="20220407 17:29:18.946" endtime="20220407 17:29:19.128"/>
</kw>
<kw name="Sleep" library="BuiltIn">
<arg>2s</arg>
<doc>Pauses the test executed for the given time.</doc>
<msg timestamp="20220407 17:29:21.130" level="INFO">Slept 2 seconds</msg>
<status status="PASS" starttime="20220407 17:29:19.129" endtime="20220407 17:29:21.130"/>
</kw>
<doc>searching products on flipkart</doc>
<tag>flipkart</tag>
<status status="PASS" starttime="20220407 17:29:16.816" endtime="20220407 17:29:21.131"/>
</test>
<test id="s1-t3" name="Flipkart product selection" line="25">
<kw name="Click Element" library="SeleniumLibrary">
<arg>xpath=//html/body/div[1]/div/div[3]/div[1]/div[2]/div[2]/div/div/div/a/div[2]/div[1]/div[1]</arg>
<doc>Click the element identified by ``locator``.</doc>
<msg timestamp="20220407 17:29:21.133" level="INFO">Clicking element 'xpath=//html/body/div[1]/div/div[3]/div[1]/div[2]/div[2]/div/div/div/a/div[2]/div[1]/div[1]'.</msg>
<status status="PASS" starttime="20220407 17:29:21.132" endtime="20220407 17:29:21.217"/>
</kw>
<kw name="Sleep" library="BuiltIn">
<arg>2s</arg>
<doc>Pauses the test executed for the given time.</doc>
<msg timestamp="20220407 17:29:23.230" level="INFO">Slept 2 seconds</msg>
<status status="PASS" starttime="20220407 17:29:21.217" endtime="20220407 17:29:23.230"/>
</kw>
<doc>selecting product</doc>
<tag>flipkart</tag>
<status status="PASS" starttime="20220407 17:29:21.132" endtime="20220407 17:29:23.231"/>
</test>
<test id="s1-t4" name="Flipkart product buy" line="30">
<kw name="Switch Window" library="SeleniumLibrary">
<arg>title:APPLE iPhone 13 ( 128 GB GB Storage, 0 GB RAM ) Online at Best Price On Flipkart.com</arg>
<doc>Switches to browser window matching ``locator``.</doc>
<status status="PASS" starttime="20220407 17:29:23.233" endtime="20220407 17:29:23.384"/>
</kw>
<kw name="Click Button" library="SeleniumLibrary">
<arg>xpath=//html/body/div[1]/div/div[3]/div[1]/div[1]/div[2]/div/ul/li[2]/form/button</arg>
<doc>Clicks the button identified by ``locator``.</doc>
<msg timestamp="20220407 17:29:23.385" level="INFO">Clicking button 'xpath=//html/body/div[1]/div/div[3]/div[1]/div[1]/div[2]/div/ul/li[2]/form/button'.</msg>
<status status="PASS" starttime="20220407 17:29:23.385" endtime="20220407 17:29:23.466"/>
</kw>
<kw name="Sleep" library="BuiltIn">
<arg>5s</arg>
<doc>Pauses the test executed for the given time.</doc>
<msg timestamp="20220407 17:29:28.485" level="INFO">Slept 5 seconds</msg>
<status status="PASS" starttime="20220407 17:29:23.466" endtime="20220407 17:29:28.485"/>
</kw>
<doc>product purchase</doc>
<tag>flipkart</tag>
<status status="PASS" starttime="20220407 17:29:23.232" endtime="20220407 17:29:28.485"/>
</test>
<test id="s1-t5" name="Flipkart user login" line="37">
<kw name="Input Text" library="SeleniumLibrary">
<arg>class:_2IX_2-</arg>
<arg>test@gmail.com</arg>
<doc>Types the given ``text`` into the text field identified by ``locator``.</doc>
<msg timestamp="20220407 17:29:28.485" level="INFO">Typing text 'test@gmail.com' into text field 'class:_2IX_2-'.</msg>
<status status="PASS" starttime="20220407 17:29:28.485" endtime="20220407 17:29:28.604"/>
</kw>
<kw name="Click Button" library="SeleniumLibrary">
<arg>xpath=//html/body/div[1]/div/div[2]/div/div[1]/div[1]/div/div/div/div/div[1]/div/form/div[3]/button</arg>
<doc>Clicks the button identified by ``locator``.</doc>
<msg timestamp="20220407 17:29:28.605" level="INFO">Clicking button 'xpath=//html/body/div[1]/div/div[2]/div/div[1]/div[1]/div/div/div/div/div[1]/div/form/div[3]/button'.</msg>
<status status="PASS" starttime="20220407 17:29:28.604" endtime="20220407 17:29:28.676"/>
</kw>
<kw name="Sleep" library="BuiltIn">
<arg>5s</arg>
<doc>Pauses the test executed for the given time.</doc>
<msg timestamp="20220407 17:29:33.691" level="INFO">Slept 5 seconds</msg>
<status status="PASS" starttime="20220407 17:29:28.677" endtime="20220407 17:29:33.691"/>
</kw>
<kw name="stop test case">
<kw name="Close Browser" library="SeleniumLibrary">
<doc>Closes the current browser.</doc>
<status status="PASS" starttime="20220407 17:29:33.691" endtime="20220407 17:29:35.760"/>
</kw>
<status status="PASS" starttime="20220407 17:29:33.691" endtime="20220407 17:29:35.760"/>
</kw>
<doc>login</doc>
<tag>flipkart</tag>
<status status="PASS" starttime="20220407 17:29:28.485" endtime="20220407 17:29:35.760"/>
</test>
<status status="PASS" starttime="20220407 17:29:08.600" endtime="20220407 17:29:35.760"/>
</suite>
<statistics>
<total>
<stat pass="5" fail="0" skip="0">All Tests</stat>
</total>
<tag>
<stat pass="4" fail="0" skip="0">flipkart</stat>
<stat pass="1" fail="0" skip="0">google</stat>
</tag>
<suite>
<stat pass="5" fail="0" skip="0" id="s1" name="Shopping">Shopping</stat>
</suite>
</statistics>
<errors>
</errors>
</robot>
