<?xml version="1.0" encoding="UTF-8"?>
<robot generator="Robot 5.0 (Python 3.10.2 on win32)" generated="20220407 15:07:14.826" rpa="false" schemaversion="3">
<suite id="s1" name="Demo" source="C:\Users\hp\PycharmProjects\RoboticFramework\Tests\SampleApp\FunctionalTestSuite\Demo.robot">
<test id="s1-t1" name="login page test case" line="8">
<kw name="Log" library="BuiltIn">
<arg>Hello</arg>
<doc>Logs the given message with the given level.</doc>
<msg timestamp="20220407 15:07:15.392" level="INFO">Hello</msg>
<status status="PASS" starttime="20220407 15:07:15.392" endtime="20220407 15:07:15.400"/>
</kw>
<doc>login for user</doc>
<tag>user</tag>
<status status="PASS" starttime="20220407 15:07:15.392" endtime="20220407 15:07:15.400"/>
</test>
<test id="s1-t2" name="Registration page test case" line="13">
<kw name="Log" library="BuiltIn">
<arg>Welcome</arg>
<doc>Logs the given message with the given level.</doc>
<msg timestamp="20220407 15:07:15.400" level="INFO">Welcome</msg>
<status status="PASS" starttime="20220407 15:07:15.400" endtime="20220407 15:07:15.400"/>
</kw>
<doc>registeration for user</doc>
<tag>user</tag>
<status status="PASS" starttime="20220407 15:07:15.400" endtime="20220407 15:07:15.400"/>
</test>
<test id="s1-t3" name="Dashboard test case" line="18">
<kw name="Log" library="BuiltIn">
<arg>Dashboard</arg>
<doc>Logs the given message with the given level.</doc>
<msg timestamp="20220407 15:07:15.400" level="INFO">Dashboard</msg>
<status status="PASS" starttime="20220407 15:07:15.400" endtime="20220407 15:07:15.400"/>
</kw>
<doc>Dashboard for user</doc>
<status status="PASS" starttime="20220407 15:07:15.400" endtime="20220407 15:07:15.400"/>
</test>
<test id="s1-t4" name="Google test case" line="22">
<kw name="Open Browser" library="SeleniumLibrary">
<arg>${url}</arg>
<arg>chrome</arg>
<doc>Opens a new browser instance to the optional ``url``.</doc>
<msg timestamp="20220407 15:07:15.400" level="INFO">Opening browser 'chrome' to base url 'https://www.google.com/'.</msg>
<status status="PASS" starttime="20220407 15:07:15.400" endtime="20220407 15:07:18.047"/>
</kw>
<kw name="search data">
<kw name="Input Text" library="SeleniumLibrary">
<arg>name:q</arg>
<arg>${search_parameter}</arg>
<doc>Types the given ``text`` into the text field identified by ``locator``.</doc>
<msg timestamp="20220407 15:07:18.057" level="INFO">Typing text 'HARMAN' into text field 'name:q'.</msg>
<status status="PASS" starttime="20220407 15:07:18.057" endtime="20220407 15:07:18.166"/>
</kw>
<status status="PASS" starttime="20220407 15:07:18.047" endtime="20220407 15:07:18.166"/>
</kw>
<kw name="Submit Form" library="SeleniumLibrary">
<doc>Submits a form identified by ``locator``.</doc>
<msg timestamp="20220407 15:07:18.166" level="INFO">Submitting form 'None'.</msg>
<status status="PASS" starttime="20220407 15:07:18.166" endtime="20220407 15:07:20.536"/>
</kw>
<kw name="Close Browser" library="SeleniumLibrary">
<doc>Closes the current browser.</doc>
<status status="PASS" starttime="20220407 15:07:20.536" endtime="20220407 15:07:22.742"/>
</kw>
<doc>simple google test</doc>
<status status="PASS" starttime="20220407 15:07:15.400" endtime="20220407 15:07:22.742"/>
</test>
<status status="PASS" starttime="20220407 15:07:14.837" endtime="20220407 15:07:22.742"/>
</suite>
<statistics>
<total>
<stat pass="4" fail="0" skip="0">All Tests</stat>
</total>
<tag>
<stat pass="2" fail="0" skip="0">user</stat>
</tag>
<suite>
<stat pass="4" fail="0" skip="0" id="s1" name="Demo">Demo</stat>
</suite>
</statistics>
<errors>
</errors>
</robot>
