<?xml version="1.0" encoding="UTF-8"?>
<robot generator="Robot 5.0 (Python 3.10.2 on win32)" generated="20220407 14:31:20.532" rpa="false" schemaversion="3">
<suite id="s1" name="Demo" source="C:\Users\hp\PycharmProjects\RoboticFramework\Tests\SampleApp\FunctionalTestSuite\Demo.robot">
<test id="s1-t1" name="login page test case" line="7">
<kw name="Log" library="BuiltIn">
<arg>Hello</arg>
<doc>Logs the given message with the given level.</doc>
<msg timestamp="20220407 14:31:20.749" level="INFO">Hello</msg>
<status status="PASS" starttime="20220407 14:31:20.748" endtime="20220407 14:31:20.749"/>
</kw>
<doc>login for user</doc>
<tag>user</tag>
<status status="PASS" starttime="20220407 14:31:20.748" endtime="20220407 14:31:20.749"/>
</test>
<test id="s1-t2" name="Registration page test case" line="12">
<kw name="Log" library="BuiltIn">
<arg>Welcome</arg>
<doc>Logs the given message with the given level.</doc>
<msg timestamp="20220407 14:31:20.751" level="INFO">Welcome</msg>
<status status="PASS" starttime="20220407 14:31:20.750" endtime="20220407 14:31:20.751"/>
</kw>
<doc>registeration for user</doc>
<tag>user</tag>
<status status="PASS" starttime="20220407 14:31:20.750" endtime="20220407 14:31:20.752"/>
</test>
<test id="s1-t3" name="Dashboard test case" line="17">
<kw name="Log" library="BuiltIn">
<arg>Dashboard</arg>
<doc>Logs the given message with the given level.</doc>
<msg timestamp="20220407 14:31:20.754" level="INFO">Dashboard</msg>
<status status="PASS" starttime="20220407 14:31:20.753" endtime="20220407 14:31:20.754"/>
</kw>
<doc>Dashboard for user</doc>
<status status="PASS" starttime="20220407 14:31:20.753" endtime="20220407 14:31:20.754"/>
</test>
<test id="s1-t4" name="Google test case" line="21">
<kw name="Open Browser" library="SeleniumLibrary">
<arg>https://www.google.com/</arg>
<arg>chrome</arg>
<doc>Opens a new browser instance to the optional ``url``.</doc>
<msg timestamp="20220407 14:31:20.756" level="INFO">Opening browser 'chrome' to base url 'https://www.google.com/'.</msg>
<status status="PASS" starttime="20220407 14:31:20.755" endtime="20220407 14:31:22.813"/>
</kw>
<kw name="Input Text" library="SeleniumLibrary">
<arg>name:q</arg>
<arg>HARMAN</arg>
<doc>Types the given ``text`` into the text field identified by ``locator``.</doc>
<msg timestamp="20220407 14:31:22.814" level="INFO">Typing text 'HARMAN' into text field 'name:q'.</msg>
<status status="PASS" starttime="20220407 14:31:22.814" endtime="20220407 14:31:22.881"/>
</kw>
<kw name="Submit Form" library="SeleniumLibrary">
<doc>Submits a form identified by ``locator``.</doc>
<msg timestamp="20220407 14:31:22.881" level="INFO">Submitting form 'None'.</msg>
<status status="PASS" starttime="20220407 14:31:22.881" endtime="20220407 14:31:25.310"/>
</kw>
<kw name="Close Browser" library="SeleniumLibrary">
<doc>Closes the current browser.</doc>
<status status="PASS" starttime="20220407 14:31:25.311" endtime="20220407 14:31:27.459"/>
</kw>
<doc>simple google test</doc>
<status status="PASS" starttime="20220407 14:31:20.755" endtime="20220407 14:31:27.460"/>
</test>
<status status="PASS" starttime="20220407 14:31:20.534" endtime="20220407 14:31:27.461"/>
</suite>
<statistics>
<total>
<stat pass="4" fail="0" skip="0">All Tests</stat>
</total>
<tag>
<stat pass="2" fail="0" skip="0">user</stat>
</tag>
<suite>
<stat pass="4" fail="0" skip="0" id="s1" name="Demo">Demo</stat>
</suite>
</statistics>
<errors>
</errors>
</robot>
